#
# There is insufficient memory for the Java Runtime Environment to continue.
# Native memory allocation (malloc) failed to allocate 1297648 bytes for Chunk::new
# Possible reasons:
#   The system is out of physical RAM or swap space
#   The process is running with CompressedOops enabled, and the Java Heap may be blocking the growth of the native heap
# Possible solutions:
#   Reduce memory load on the system
#   Increase physical memory or swap space
#   Check if swap backing store is full
#   Decrease Java heap size (-Xmx/-Xms)
#   Decrease number of Java threads
#   Decrease Java thread stack sizes (-Xss)
#   Set larger code cache with -XX:ReservedCodeCacheSize=
#   JVM is running with Zero Based Compressed Oops mode in which the Java heap is
#     placed in the first 32GB address space. The Java Heap base address is the
#     maximum limit for the native heap growth. Please use -XX:HeapBaseMinAddress
#     to set the Java Heap base and to place the Java Heap above 32GB virtual address.
# This output file may be truncated or incomplete.
#
#  Out of Memory Error (allocation.cpp:389), pid=8472, tid=0x0000000000003c0c
#
# JRE version: Java(TM) SE Runtime Environment (8.0_221-b11) (build 1.8.0_221-b11)
# Java VM: Java HotSpot(TM) 64-Bit Server VM (25.221-b11 mixed mode windows-amd64 compressed oops)
# Failed to write core dump. Minidumps are not enabled by default on client versions of Windows
#

---------------  T H R E A D  ---------------

Current thread (0x00000000200e9800):  JavaThread "C2 CompilerThread0" daemon [_thread_in_native, id=15372, stack(0x00000000208b0000,0x00000000209b0000)]

Stack: [0x00000000208b0000,0x00000000209b0000]
[error occurred during error reporting (printing stack bounds), id 0xc0000005]

Native frames: (J=compiled Java code, j=interpreted, Vv=VM code, C=native code)


Current CompileTask:
C2:  20724  148       4       com.model.ForkJoinStudy$MyTask::compute (140 bytes)


---------------  P R O C E S S  ---------------

Java Threads: ( => current thread )
  0x00000000201aa000 JavaThread "ForkJoinPool-1-worker-19" daemon [_thread_in_vm, id=26372, stack(0x0000000023080000,0x0000000023180000)]
  0x00000000201af800 JavaThread "ForkJoinPool-1-worker-18" daemon [_thread_in_vm, id=9524, stack(0x0000000022f80000,0x0000000023080000)]
  0x00000000201ab800 JavaThread "ForkJoinPool-1-worker-0" daemon [_thread_in_vm, id=27800, stack(0x0000000021eb0000,0x0000000021fb0000)]
  0x00000000201ae000 JavaThread "ForkJoinPool-1-worker-7" daemon [_thread_blocked, id=20212, stack(0x0000000021db0000,0x0000000021eb0000)]
  0x00000000201ae800 JavaThread "ForkJoinPool-1-worker-14" daemon [_thread_in_vm, id=10856, stack(0x0000000021cb0000,0x0000000021db0000)]
  0x00000000201a8800 JavaThread "ForkJoinPool-1-worker-5" daemon [_thread_in_vm, id=25624, stack(0x0000000021bb0000,0x0000000021cb0000)]
  0x00000000201ad000 JavaThread "ForkJoinPool-1-worker-3" daemon [_thread_in_vm, id=21588, stack(0x0000000021ab0000,0x0000000021bb0000)]
  0x00000000201a9800 JavaThread "ForkJoinPool-1-worker-10" daemon [_thread_in_vm, id=32368, stack(0x00000000219b0000,0x0000000021ab0000)]
  0x0000000020311800 JavaThread "ForkJoinPool-1-worker-12" daemon [_thread_in_vm, id=27876, stack(0x00000000218b0000,0x00000000219b0000)]
  0x000000001e90a800 JavaThread "ForkJoinPool-1-worker-1" daemon [_thread_in_vm, id=23896, stack(0x00000000217b0000,0x00000000218b0000)]
  0x00000000203e5800 JavaThread "ForkJoinPool-1-worker-8" daemon [_thread_blocked, id=14680, stack(0x00000000216b0000,0x00000000217b0000)]
  0x00000000202b5000 JavaThread "ForkJoinPool-1-worker-15" daemon [_thread_in_vm, id=3012, stack(0x00000000215b0000,0x00000000216b0000)]
  0x00000000202b2000 JavaThread "ForkJoinPool-1-worker-6" daemon [_thread_blocked, id=12884, stack(0x00000000214b0000,0x00000000215b0000)]
  0x00000000202b1800 JavaThread "ForkJoinPool-1-worker-13" daemon [_thread_blocked, id=19380, stack(0x00000000213b0000,0x00000000214b0000)]
  0x000000001e86e000 JavaThread "ForkJoinPool-1-worker-4" daemon [_thread_blocked, id=26076, stack(0x00000000212b0000,0x00000000213b0000)]
  0x000000001e86c800 JavaThread "ForkJoinPool-1-worker-11" daemon [_thread_blocked, id=13980, stack(0x00000000210b0000,0x00000000211b0000)]
  0x000000001e86c000 JavaThread "ForkJoinPool-1-worker-2" daemon [_thread_blocked, id=26352, stack(0x0000000020fb0000,0x00000000210b0000)]
  0x000000001ebc0000 JavaThread "ForkJoinPool-1-worker-9" daemon [_thread_blocked, id=13924, stack(0x0000000020eb0000,0x0000000020fb0000)]
  0x00000000201cb000 JavaThread "Service Thread" daemon [_thread_blocked, id=11356, stack(0x0000000020cb0000,0x0000000020db0000)]
  0x00000000200f3000 JavaThread "C1 CompilerThread3" daemon [_thread_blocked, id=22988, stack(0x0000000020bb0000,0x0000000020cb0000)]
  0x00000000200f2800 JavaThread "C2 CompilerThread2" daemon [_thread_blocked, id=20360, stack(0x0000000020ab0000,0x0000000020bb0000)]
  0x00000000200ea000 JavaThread "C2 CompilerThread1" daemon [_thread_blocked, id=22204, stack(0x00000000209b0000,0x0000000020ab0000)]
=>0x00000000200e9800 JavaThread "C2 CompilerThread0" daemon [_thread_in_native, id=15372, stack(0x00000000208b0000,0x00000000209b0000)]
  0x000000001e8e4800 JavaThread "JDWP Command Reader" daemon [_thread_in_native, id=12708, stack(0x000000001ffb0000,0x00000000200b0000)]
  0x000000001e8e0000 JavaThread "JDWP Event Helper Thread" daemon [_thread_blocked, id=31548, stack(0x000000001feb0000,0x000000001ffb0000)]
  0x000000001e8d3800 JavaThread "JDWP Transport Listener: dt_socket" daemon [_thread_blocked, id=23516, stack(0x000000001fdb0000,0x000000001feb0000)]
  0x000000001d18c000 JavaThread "Attach Listener" daemon [_thread_blocked, id=9476, stack(0x000000001fcb0000,0x000000001fdb0000)]
  0x000000001e8ca800 JavaThread "Signal Dispatcher" daemon [_thread_blocked, id=11772, stack(0x000000001fbb0000,0x000000001fcb0000)]
  0x00000000035ce000 JavaThread "Finalizer" daemon [_thread_blocked, id=32432, stack(0x000000001fab0000,0x000000001fbb0000)]
  0x000000001e853000 JavaThread "Reference Handler" daemon [_thread_blocked, id=30880, stack(0x000000001f9b0000,0x000000001fab0000)]
  0x00000000034d5800 JavaThread "main" [_thread_blocked, id=3188, stack(0x00000000031e0000,0x00000000032e0000)]

Other Threads:
  0x000000001d176800 VMThread [stack: 0x000000001f8b0000,0x000000001f9b0000] [id=21944]
  0x000000001ebee800 WatcherThread [stack: 0x0000000020db0000,0x0000000020eb0000] [id=18960]

VM state:synchronizing (normal execution)

VM Mutex/Monitor currently owned by a thread:  ([mutex/lock_event])
[0x00000000034d27c0] Safepoint_lock - owner thread: 0x000000001d176800
[0x00000000034d26c0] Threads_lock - owner thread: 0x000000001d176800
[0x00000000034d3fd0] Heap_lock - owner thread: 0x00000000201ae000

heap address: 0x00000006c2600000, size: 4058 MB, Compressed Oops mode: Zero based, Oop shift amount: 3
Narrow klass base: 0x0000000000000000, Narrow klass shift: 3
Compressed class space size: 1073741824 Address: 0x00000007c0000000

Heap:
 PSYoungGen      total 289792K, used 209452K [0x000000076b780000, 0x000000078ba00000, 0x00000007c0000000)
  eden space 210944K, 99% used [0x000000076b780000,0x000000077840b038,0x0000000778580000)
  from space 78848K, 0% used [0x0000000780380000,0x0000000780380000,0x0000000785080000)
  to   space 129024K, 0% used [0x0000000778580000,0x0000000778580000,0x0000000780380000)
 ParOldGen       total 2253824K, used 2250745K [0x00000006c2600000, 0x000000074bf00000, 0x000000076b780000)
  object space 2253824K, 99% used [0x00000006c2600000,0x000000074bbfe6b8,0x000000074bf00000)
 Metaspace       used 4033K, capacity 4692K, committed 4864K, reserved 1056768K
  class space    used 436K, capacity 464K, committed 512K, reserved 1048576K

Card table byte_map: [0x0000000012990000,0x0000000013180000] byte_map_base: 0x000000000f37d000

Marking Bits: (ParMarkBitMap*) 0x0000000075fb5ce0
 Begin Bits: [0x00000000140d0000, 0x0000000018038000)
 End Bits:   [0x0000000018038000, 0x000000001bfa0000)

Polling page: 0x0000000000dc0000

CodeCache: size=245760Kb used=1799Kb max_used=1799Kb free=243960Kb
 bounds [0x00000000035d0000, 0x0000000003840000, 0x00000000125d0000]
 total_blobs=417 nmethods=146 adapters=192
 compilation: enabled

Compilation events (10 events):
Event: 18.352 Thread 0x00000000200ea000 nmethod 143 0x000000000377c150 code [0x000000000377c2e0, 0x000000000377cd48]
Event: 19.878 Thread 0x00000000200f3000  144       3       com.model.ForkJoinStudy$MyTask::compute (5 bytes)
Event: 19.878 Thread 0x00000000200f3000 nmethod 144 0x000000000375bbd0 code [0x000000000375bd40, 0x000000000375bec8]
Event: 19.878 Thread 0x00000000200f2800  145       4       com.model.ForkJoinStudy$MyTask::compute (5 bytes)
Event: 19.960 Thread 0x00000000200f2800 nmethod 145 0x000000000377dc50 code [0x000000000377dda0, 0x000000000377de28]
Event: 20.396 Thread 0x00000000200f3000  146       3       com.model.ForkJoinStudy$MyTask::compute (140 bytes)
Event: 20.490 Thread 0x00000000200f3000 nmethod 146 0x0000000003778d10 code [0x0000000003779080, 0x000000000377afa8]
Event: 20.490 Thread 0x00000000200f3000  147       2       java.util.concurrent.ForkJoinTask::join (24 bytes)
Event: 20.490 Thread 0x00000000200e9800  148       4       com.model.ForkJoinStudy$MyTask::compute (140 bytes)
Event: 20.491 Thread 0x00000000200f3000 nmethod 147 0x000000000377d5d0 code [0x000000000377d780, 0x000000000377d9f8]

GC Heap History (10 events):
Event: 20.567 GC heap before
{Heap before GC invocations=86 (full 76):
 PSYoungGen      total 289792K, used 203881K [0x000000076b780000, 0x000000078ba00000, 0x00000007c0000000)
  eden space 210944K, 96% used [0x000000076b780000,0x0000000777e9a618,0x0000000778580000)
  from space 78848K, 0% used [0x0000000780380000,0x0000000780380000,0x0000000785080000)
  to   space 129024K, 0% used [0x0000000778580000,0x0000000778580000,0x0000000780380000)
 ParOldGen       total 2204672K, used 2195797K [0x00000006c2600000, 0x0000000748f00000, 0x000000076b780000)
  object space 2204672K, 99% used [0x00000006c2600000,0x0000000748655658,0x0000000748f00000)
 Metaspace       used 4033K, capacity 4692K, committed 4864K, reserved 1056768K
  class space    used 436K, capacity 464K, committed 512K, reserved 1048576K
Event: 20.579 GC heap after
Heap after GC invocations=86 (full 76):
 PSYoungGen      total 289792K, used 202856K [0x000000076b780000, 0x000000078ba00000, 0x00000007c0000000)
  eden space 210944K, 96% used [0x000000076b780000,0x0000000777d9a030,0x0000000778580000)
  from space 78848K, 0% used [0x0000000780380000,0x0000000780380000,0x0000000785080000)
  to   space 129024K, 0% used [0x0000000778580000,0x0000000778580000,0x0000000780380000)
 ParOldGen       total 2204672K, used 2195797K [0x00000006c2600000, 0x0000000748f00000, 0x000000076b780000)
  object space 2204672K, 99% used [0x00000006c2600000,0x0000000748655658,0x0000000748f00000)
 Metaspace       used 4033K, capacity 4692K, committed 4864K, reserved 1056768K
  class space    used 436K, capacity 464K, committed 512K, reserved 1048576K
}
Event: 20.590 GC heap before
{Heap before GC invocations=87 (full 77):
 PSYoungGen      total 289792K, used 210944K [0x000000076b780000, 0x000000078ba00000, 0x00000007c0000000)
  eden space 210944K, 100% used [0x000000076b780000,0x0000000778580000,0x0000000778580000)
  from space 78848K, 0% used [0x0000000780380000,0x0000000780380000,0x0000000785080000)
  to   space 129024K, 0% used [0x0000000778580000,0x0000000778580000,0x0000000780380000)
 ParOldGen       total 2229248K, used 2220232K [0x00000006c2600000, 0x000000074a700000, 0x000000076b780000)
  object space 2229248K, 99% used [0x00000006c2600000,0x0000000749e322e8,0x000000074a700000)
 Metaspace       used 4033K, capacity 4692K, committed 4864K, reserved 1056768K
  class space    used 436K, capacity 464K, committed 512K, reserved 1048576K
Event: 20.610 GC heap after
Heap after GC invocations=87 (full 77):
 PSYoungGen      total 289792K, used 203010K [0x000000076b780000, 0x000000078ba00000, 0x00000007c0000000)
  eden space 210944K, 96% used [0x000000076b780000,0x0000000777dc0ba0,0x0000000778580000)
  from space 78848K, 0% used [0x0000000780380000,0x0000000780380000,0x0000000785080000)
  to   space 129024K, 0% used [0x0000000778580000,0x0000000778580000,0x0000000780380000)
 ParOldGen       total 2229248K, used 2220227K [0x00000006c2600000, 0x000000074a700000, 0x000000076b780000)
  object space 2229248K, 99% used [0x00000006c2600000,0x0000000749e30da0,0x000000074a700000)
 Metaspace       used 4033K, capacity 4692K, committed 4864K, reserved 1056768K
  class space    used 436K, capacity 464K, committed 512K, reserved 1048576K
}
Event: 20.616 GC heap before
{Heap before GC invocations=88 (full 78):
 PSYoungGen      total 289792K, used 203571K [0x000000076b780000, 0x000000078ba00000, 0x00000007c0000000)
  eden space 210944K, 96% used [0x000000076b780000,0x0000000777e4cc20,0x0000000778580000)
  from space 78848K, 0% used [0x0000000780380000,0x0000000780380000,0x0000000785080000)
  to   space 129024K, 0% used [0x0000000778580000,0x0000000778580000,0x0000000780380000)
 ParOldGen       total 2229248K, used 2220227K [0x00000006c2600000, 0x000000074a700000, 0x000000076b780000)
  object space 2229248K, 99% used [0x00000006c2600000,0x0000000749e30da0,0x000000074a700000)
 Metaspace       used 4033K, capacity 4692K, committed 4864K, reserved 1056768K
  class space    used 436K, capacity 464K, committed 512K, reserved 1048576K
Event: 20.668 GC heap after
Heap after GC invocations=88 (full 78):
 PSYoungGen      total 289792K, used 184707K [0x000000076b780000, 0x000000078ba00000, 0x00000007c0000000)
  eden space 210944K, 87% used [0x000000076b780000,0x0000000776be0da0,0x0000000778580000)
  from space 78848K, 0% used [0x0000000780380000,0x0000000780380000,0x0000000785080000)
  to   space 129024K, 0% used [0x0000000778580000,0x0000000778580000,0x0000000780380000)
 ParOldGen       total 2229248K, used 2226330K [0x00000006c2600000, 0x000000074a700000, 0x000000076b780000)
  object space 2229248K, 99% used [0x00000006c2600000,0x000000074a426898,0x000000074a700000)
 Metaspace       used 4033K, capacity 4692K, committed 4864K, reserved 1056768K
  class space    used 436K, capacity 464K, committed 512K, reserved 1048576K
}
Event: 20.670 GC heap before
{Heap before GC invocations=89 (full 79):
 PSYoungGen      total 289792K, used 209730K [0x000000076b780000, 0x000000078ba00000, 0x00000007c0000000)
  eden space 210944K, 99% used [0x000000076b780000,0x0000000778450890,0x0000000778580000)
  from space 78848K, 0% used [0x0000000780380000,0x0000000780380000,0x0000000785080000)
  to   space 129024K, 0% used [0x0000000778580000,0x0000000778580000,0x0000000780380000)
 ParOldGen       total 2229248K, used 2226330K [0x00000006c2600000, 0x000000074a700000, 0x000000076b780000)
  object space 2229248K, 99% used [0x00000006c2600000,0x000000074a426898,0x000000074a700000)
 Metaspace       used 4033K, capacity 4692K, committed 4864K, reserved 1056768K
  class space    used 436K, capacity 464K, committed 512K, reserved 1048576K
Event: 20.683 GC heap after
Heap after GC invocations=89 (full 79):
 PSYoungGen      total 289792K, used 209126K [0x000000076b780000, 0x000000078ba00000, 0x00000007c0000000)
  eden space 210944K, 99% used [0x000000076b780000,0x00000007783b9888,0x0000000778580000)
  from space 78848K, 0% used [0x0000000780380000,0x0000000780380000,0x0000000785080000)
  to   space 129024K, 0% used [0x0000000778580000,0x0000000778580000,0x0000000780380000)
 ParOldGen       total 2229248K, used 2226330K [0x00000006c2600000, 0x000000074a700000, 0x000000076b780000)
  object space 2229248K, 99% used [0x00000006c2600000,0x000000074a426898,0x000000074a700000)
 Metaspace       used 4033K, capacity 4692K, committed 4864K, reserved 1056768K
  class space    used 436K, capacity 464K, committed 512K, reserved 1048576K
}
Event: 20.693 GC heap before
{Heap before GC invocations=90 (full 80):
 PSYoungGen      total 289792K, used 210944K [0x000000076b780000, 0x000000078ba00000, 0x00000007c0000000)
  eden space 210944K, 100% used [0x000000076b780000,0x0000000778580000,0x0000000778580000)
  from space 78848K, 0% used [0x0000000780380000,0x0000000780380000,0x0000000785080000)
  to   space 129024K, 0% used [0x0000000778580000,0x0000000778580000,0x0000000780380000)
 ParOldGen       total 2253824K, used 2250746K [0x00000006c2600000, 0x000000074bf00000, 0x000000076b780000)
  object space 2253824K, 99% used [0x00000006c2600000,0x000000074bbfe8d8,0x000000074bf00000)
 Metaspace       used 4033K, capacity 4692K, committed 4864K, reserved 1056768K
  class space    used 436K, capacity 464K, committed 512K, reserved 1048576K
Event: 20.712 GC heap after
Heap after GC invocations=90 (full 80):
 PSYoungGen      total 289792K, used 209161K [0x000000076b780000, 0x000000078ba00000, 0x00000007c0000000)
  eden space 210944K, 99% used [0x000000076b780000,0x00000007783c2760,0x0000000778580000)
  from space 78848K, 0% used [0x0000000780380000,0x0000000780380000,0x0000000785080000)
  to   space 129024K, 0% used [0x0000000778580000,0x0000000778580000,0x0000000780380000)
 ParOldGen       total 2253824K, used 2250745K [0x00000006c2600000, 0x000000074bf00000, 0x000000076b780000)
  object space 2253824K, 99% used [0x00000006c2600000,0x000000074bbfe6b8,0x000000074bf00000)
 Metaspace       used 4033K, capacity 4692K, committed 4864K, reserved 1056768K
  class space    used 436K, capacity 464K, committed 512K, reserved 1048576K
}

Deoptimization events (10 events):
Event: 17.463 Thread 0x00000000201ae800 Uncommon trap: reason=unstable_if action=reinterpret pc=0x0000000003725a08 method=java.util.concurrent.ForkJoinPool.awaitJoin(Ljava/util/concurrent/ForkJoinPool$WorkQueue;Ljava/util/concurrent/ForkJoinTask;J)I @ 91
Event: 17.507 Thread 0x00000000202b5000 Uncommon trap: reason=unstable_if action=reinterpret pc=0x0000000003749874 method=java.util.concurrent.ForkJoinTask.setCompletion(I)I @ 32
Event: 18.201 Thread 0x000000001e86e000 Uncommon trap: reason=unstable_if action=reinterpret pc=0x0000000003723574 method=java.util.concurrent.ForkJoinTask.doJoin()I @ 6
Event: 19.197 Thread 0x00000000201ab800 Uncommon trap: reason=unstable_if action=reinterpret pc=0x0000000003759094 method=java.util.concurrent.ForkJoinPool.awaitJoin(Ljava/util/concurrent/ForkJoinPool$WorkQueue;Ljava/util/concurrent/ForkJoinTask;J)I @ 91
Event: 19.591 Thread 0x00000000201a9800 Uncommon trap: reason=unstable_if action=reinterpret pc=0x0000000003748008 method=java.util.concurrent.ForkJoinPool$WorkQueue.tryRemoveAndExec(Ljava/util/concurrent/ForkJoinTask;)Z @ 40
Event: 19.877 Thread 0x000000001e86c800 Uncommon trap: reason=unstable_if action=reinterpret pc=0x0000000003720284 method=java.util.concurrent.ForkJoinTask.doJoin()I @ 6
Event: 19.969 Thread 0x000000001e86c800 Uncommon trap: reason=unstable_if action=reinterpret pc=0x00000000037202d0 method=java.util.concurrent.ForkJoinPool$WorkQueue.tryUnpush(Ljava/util/concurrent/ForkJoinTask;)Z @ 19
Event: 20.395 Thread 0x000000001e86c800 Uncommon trap: reason=unstable_if action=reinterpret pc=0x0000000003763ffc method=java.util.concurrent.ForkJoinTask.doJoin()I @ 6
Event: 20.396 Thread 0x00000000201ae000 Uncommon trap: reason=unstable_if action=reinterpret pc=0x000000000377c950 method=java.util.concurrent.ForkJoinPool.helpStealer(Ljava/util/concurrent/ForkJoinPool$WorkQueue;Ljava/util/concurrent/ForkJoinTask;)V @ 149
Event: 20.396 Thread 0x00000000201ae000 Uncommon trap: reason=unstable_if action=reinterpret pc=0x000000000377c9ec method=java.util.concurrent.ForkJoinPool.helpStealer(Ljava/util/concurrent/ForkJoinPool$WorkQueue;Ljava/util/concurrent/ForkJoinTask;)V @ 380

Classes redefined (0 events):
No events

Internal exceptions (6 events):
Event: 0.059 Thread 0x00000000034d5800 Exception <a 'java/lang/NoSuchMethodError': Method sun.misc.Unsafe.defineClass(Ljava/lang/String;[BII)Ljava/lang/Class; name or signature does not match> (0x000000076b787cb8) thrown at [C:\re\workspace\8-2-build-windows-amd64-cygwin\jdk8u221\13320\hotspot
Event: 0.059 Thread 0x00000000034d5800 Exception <a 'java/lang/NoSuchMethodError': Method sun.misc.Unsafe.prefetchRead(Ljava/lang/Object;J)V name or signature does not match> (0x000000076b787fa0) thrown at [C:\re\workspace\8-2-build-windows-amd64-cygwin\jdk8u221\13320\hotspot\src\share\vm\prim
Event: 0.724 Thread 0x00000000034d5800 Exception <a 'java/security/PrivilegedActionException'> (0x000000076bb39158) thrown at [C:\re\workspace\8-2-build-windows-amd64-cygwin\jdk8u221\13320\hotspot\src\share\vm\prims\jvm.cpp, line 1502]
Event: 0.724 Thread 0x00000000034d5800 Exception <a 'java/security/PrivilegedActionException'> (0x000000076bb39368) thrown at [C:\re\workspace\8-2-build-windows-amd64-cygwin\jdk8u221\13320\hotspot\src\share\vm\prims\jvm.cpp, line 1502]
Event: 0.725 Thread 0x00000000034d5800 Exception <a 'java/security/PrivilegedActionException'> (0x000000076bb3d278) thrown at [C:\re\workspace\8-2-build-windows-amd64-cygwin\jdk8u221\13320\hotspot\src\share\vm\prims\jvm.cpp, line 1502]
Event: 0.725 Thread 0x00000000034d5800 Exception <a 'java/security/PrivilegedActionException'> (0x000000076bb3d488) thrown at [C:\re\workspace\8-2-build-windows-amd64-cygwin\jdk8u221\13320\hotspot\src\share\vm\prims\jvm.cpp, line 1502]

Events (10 events):
Event: 20.579 Executing VM operation: ParallelGCFailedAllocation done
Event: 20.586 Executing VM operation: ParallelGCFailedAllocation
Event: 20.610 Executing VM operation: ParallelGCFailedAllocation done
Event: 20.610 Executing VM operation: ParallelGCFailedAllocation
Event: 20.668 Executing VM operation: ParallelGCFailedAllocation done
Event: 20.668 Executing VM operation: ParallelGCFailedAllocation
Event: 20.683 Executing VM operation: ParallelGCFailedAllocation done
Event: 20.685 Executing VM operation: ParallelGCFailedAllocation
Event: 20.712 Executing VM operation: ParallelGCFailedAllocation done
Event: 20.713 Executing VM operation: ParallelGCFailedAllocation


Dynamic libraries:
0x00007ff7b6fd0000 - 0x00007ff7b7007000 	C:\Program Files\Java\jdk1.8.0_221\bin\java.exe
0x00007fff790c0000 - 0x00007fff792b0000 	C:\Windows\SYSTEM32\ntdll.dll
0x00007fff77170000 - 0x00007fff77222000 	C:\Windows\System32\KERNEL32.DLL
0x00007fff76a30000 - 0x00007fff76cd3000 	C:\Windows\System32\KERNELBASE.dll
0x00007fff775a0000 - 0x00007fff77643000 	C:\Windows\System32\ADVAPI32.dll
0x00007fff77790000 - 0x00007fff7782e000 	C:\Windows\System32\msvcrt.dll
0x00007fff78af0000 - 0x00007fff78b87000 	C:\Windows\System32\sechost.dll
0x00007fff772c0000 - 0x00007fff773e0000 	C:\Windows\System32\RPCRT4.dll
0x00007fff77830000 - 0x00007fff779c4000 	C:\Windows\System32\USER32.dll
0x00007fff760b0000 - 0x00007fff760d1000 	C:\Windows\System32\win32u.dll
0x00007fff779d0000 - 0x00007fff779f6000 	C:\Windows\System32\GDI32.dll
0x00007fff76fd0000 - 0x00007fff77164000 	C:\Windows\System32\gdi32full.dll
0x00007fff76e30000 - 0x00007fff76ece000 	C:\Windows\System32\msvcp_win.dll
0x00007fff76930000 - 0x00007fff76a2a000 	C:\Windows\System32\ucrtbase.dll
0x00007fff5ccf0000 - 0x00007fff5cf75000 	C:\Windows\WinSxS\amd64_microsoft.windows.common-controls_6595b64144ccf1df_6.0.18362.778_none_e6c6b761130d4fb8\COMCTL32.dll
0x00007fff78c70000 - 0x00007fff78fa6000 	C:\Windows\System32\combase.dll
0x00007fff760e0000 - 0x00007fff76160000 	C:\Windows\System32\bcryptPrimitives.dll
0x00007fff77290000 - 0x00007fff772be000 	C:\Windows\System32\IMM32.DLL
0x0000000076040000 - 0x0000000076112000 	C:\Program Files\Java\jdk1.8.0_221\jre\bin\msvcr100.dll
0x0000000075790000 - 0x0000000076035000 	C:\Program Files\Java\jdk1.8.0_221\jre\bin\server\jvm.dll
0x00007fff78ae0000 - 0x00007fff78ae8000 	C:\Windows\System32\PSAPI.DLL
0x00007fff5d8f0000 - 0x00007fff5d914000 	C:\Windows\SYSTEM32\WINMM.dll
0x00007fff5f750000 - 0x00007fff5f759000 	C:\Windows\SYSTEM32\WSOCK32.dll
0x00007fff6b400000 - 0x00007fff6b40a000 	C:\Windows\SYSTEM32\VERSION.dll
0x00007fff78120000 - 0x00007fff7818f000 	C:\Windows\System32\WS2_32.dll
0x00007fff65bf0000 - 0x00007fff65c1d000 	C:\Windows\SYSTEM32\WINMMBASE.dll
0x00007fff76160000 - 0x00007fff761aa000 	C:\Windows\System32\cfgmgr32.dll
0x00007fff6c150000 - 0x00007fff6c15f000 	C:\Program Files\Java\jdk1.8.0_221\jre\bin\verify.dll
0x00007fff68340000 - 0x00007fff68369000 	C:\Program Files\Java\jdk1.8.0_221\jre\bin\java.dll
0x00007fff67200000 - 0x00007fff67235000 	C:\Program Files\Java\jdk1.8.0_221\jre\bin\jdwp.dll
0x00007fff69850000 - 0x00007fff69858000 	C:\Program Files\Java\jdk1.8.0_221\jre\bin\npt.dll
0x00007fff673d0000 - 0x00007fff673f3000 	C:\Program Files\Java\jdk1.8.0_221\jre\bin\instrument.dll
0x00007fff693a0000 - 0x00007fff693b6000 	C:\Program Files\Java\jdk1.8.0_221\jre\bin\zip.dll
0x00007fff77a10000 - 0x00007fff780f5000 	C:\Windows\System32\SHELL32.dll
0x00007fff78960000 - 0x00007fff78a09000 	C:\Windows\System32\shcore.dll
0x00007fff761b0000 - 0x00007fff76930000 	C:\Windows\System32\windows.storage.dll
0x00007fff76000000 - 0x00007fff76023000 	C:\Windows\System32\profapi.dll
0x00007fff75f90000 - 0x00007fff75fda000 	C:\Windows\System32\powrprof.dll
0x00007fff75f80000 - 0x00007fff75f90000 	C:\Windows\System32\UMPDC.dll
0x00007fff78b90000 - 0x00007fff78be2000 	C:\Windows\System32\shlwapi.dll
0x00007fff75fe0000 - 0x00007fff75ff1000 	C:\Windows\System32\kernel.appcore.dll
0x00007fff76fb0000 - 0x00007fff76fc7000 	C:\Windows\System32\cryptsp.dll
0x00007fff686a0000 - 0x00007fff686a9000 	C:\Program Files\Java\jdk1.8.0_221\jre\bin\dt_socket.dll
0x00007fff35e90000 - 0x00007fff35f9d000 	C:\Windows\SysWOW64\ierd_tgp_lsp64.dll
0x00007fff77440000 - 0x00007fff77597000 	C:\Windows\System32\ole32.dll
0x00007fff757f0000 - 0x00007fff75857000 	C:\Windows\system32\mswsock.dll
0x00007fff6abe0000 - 0x00007fff6abea000 	C:\Windows\system32\wshqos.dll
0x00007fff6abd0000 - 0x00007fff6abd8000 	C:\Windows\SYSTEM32\wshtcpip.DLL
0x00007fff6abc0000 - 0x00007fff6abc8000 	C:\Windows\SYSTEM32\wship6.dll
0x00007fff75360000 - 0x00007fff75393000 	C:\Windows\system32\rsaenh.dll
0x00007fff76ed0000 - 0x00007fff76ef6000 	C:\Windows\System32\bcrypt.dll
0x00007fff75ea0000 - 0x00007fff75ec5000 	C:\Windows\SYSTEM32\USERENV.dll
0x00007fff759c0000 - 0x00007fff759cc000 	C:\Windows\SYSTEM32\CRYPTBASE.dll
0x00007fff68320000 - 0x00007fff6833a000 	C:\Program Files\Java\jdk1.8.0_221\jre\bin\net.dll
0x00007fff69640000 - 0x00007fff69815000 	C:\Windows\SYSTEM32\urlmon.dll
0x00007fff64590000 - 0x00007fff64836000 	C:\Windows\SYSTEM32\iertutil.dll
0x00007fff75500000 - 0x00007fff7553a000 	C:\Windows\SYSTEM32\IPHLPAPI.DLL
0x00007fff783c0000 - 0x00007fff783c8000 	C:\Windows\System32\NSI.dll
0x00007fff6c8b0000 - 0x00007fff6c8c6000 	C:\Windows\SYSTEM32\dhcpcsvc6.DLL
0x00007fff6c890000 - 0x00007fff6c8ac000 	C:\Windows\SYSTEM32\dhcpcsvc.DLL
0x00007fff75590000 - 0x00007fff7565a000 	C:\Windows\SYSTEM32\DNSAPI.dll
0x00007fff67610000 - 0x00007fff67622000 	C:\Program Files\Java\jdk1.8.0_221\jre\bin\nio.dll

VM Arguments:
jvm_args: -agentlib:jdwp=transport=dt_socket,address=127.0.0.1:51159,suspend=y,server=n -javaagent:C:\Users\Administrator\.IntelliJIdea2018.3\system\captureAgent\debugger-agent.jar -Dfile.encoding=UTF-8 
java_command: com.model.ForkJoinStudy
java_class_path (initial): C:\Program Files\Java\jdk1.8.0_221\jre\lib\charsets.jar;C:\Program Files\Java\jdk1.8.0_221\jre\lib\deploy.jar;C:\Program Files\Java\jdk1.8.0_221\jre\lib\ext\access-bridge-64.jar;C:\Program Files\Java\jdk1.8.0_221\jre\lib\ext\cldrdata.jar;C:\Program Files\Java\jdk1.8.0_221\jre\lib\ext\dnsns.jar;C:\Program Files\Java\jdk1.8.0_221\jre\lib\ext\jaccess.jar;C:\Program Files\Java\jdk1.8.0_221\jre\lib\ext\jfxrt.jar;C:\Program Files\Java\jdk1.8.0_221\jre\lib\ext\localedata.jar;C:\Program Files\Java\jdk1.8.0_221\jre\lib\ext\nashorn.jar;C:\Program Files\Java\jdk1.8.0_221\jre\lib\ext\sunec.jar;C:\Program Files\Java\jdk1.8.0_221\jre\lib\ext\sunjce_provider.jar;C:\Program Files\Java\jdk1.8.0_221\jre\lib\ext\sunmscapi.jar;C:\Program Files\Java\jdk1.8.0_221\jre\lib\ext\sunpkcs11.jar;C:\Program Files\Java\jdk1.8.0_221\jre\lib\ext\zipfs.jar;C:\Program Files\Java\jdk1.8.0_221\jre\lib\javaws.jar;C:\Program Files\Java\jdk1.8.0_221\jre\lib\jce.jar;C:\Program Files\Java\jdk1.8.0_221\jre\lib\jfr.jar;C:\Program Files\Java\jdk1.8.0_221\jre\lib\jfxswt.jar;C:\Program Files\Java\jdk1.8.0_221\jre\lib\jsse.jar;C:\Program Files\Java\jdk1.8.0_221\jre\lib\management-agent.jar;C:\Program Files\Java\jdk1.8.0_221\jre\lib\plugin.jar;C:\Program Files\Java\jdk1.8.0_221\jre\lib\resources.jar;C:\Program Files\Java\jdk1.8.0_221\jre\lib\rt.jar;E:\公司任务文件\idea\demo\target\classes;D:\maven\maven-repository\org\springframework\boot\spring-boot-starter\2.2.5.RELEASE\spring-boot-starter-2.2.5.RELEASE.jar;D:\maven\maven-repository\org\springframework\boot\spring-boot\2.2.5.RELEASE\spring-boot-2.2.5.RELEASE.jar;D:\maven\maven-repository\org\springframework\spring-context\5.2.4.RELEASE\spring-context-5.2.4.RELEASE.jar;D:\maven\maven-repository\org\springframework\boot\spring-boot-autoconfigure\2.2.5.RELEASE\spring-boot-autoconfigure-2.2.5.RELEASE.jar;D:\maven\maven-repository\org\springframework\boot\spring-boot-starter-logging\2.2.5.RELEASE\spring-boot-starter-logging-2.2.5.RELEASE.
Launcher Type: SUN_STANDARD

Environment Variables:
JAVA_HOME=C:\Program Files\Java\jdk1.8.0_221
PATH=D:\app\Administrator\product\11.2.0\dbhome_1\bin;C:\Program Files (x86)\Common Files\Oracle\Java\javapath;D:\Shentong\bin;C:\Windows\system32;C:\Windows;C:\Windows\System32\Wbem;C:\Windows\System32\WindowsPowerShell\v1.0\;C:\Windows\System32\OpenSSH\;C:\Program Files (x86)\NVIDIA Corporation\PhysX\Common;C:\Program Files\NVIDIA Corporation\NVIDIA NvDLISR;C:\Users\Administrator\AppData\Local\Microsoft\WindowsApps;"C:\Program Files\Java\jdk1.8.0_221\bin;C:\Program Files\Java\jdk1.8.0_221\jre\bin";D:\maven\apache-maven-3.6.1\bin;D:\svn\bin;C:\Program Files\Python37\;C:\Users\Administrator\AppData\Local\Microsoft\WindowsApps;
USERNAME=Administrator
OS=Windows_NT
PROCESSOR_IDENTIFIER=Intel64 Family 6 Model 158 Stepping 10, GenuineIntel



---------------  S Y S T E M  ---------------

OS: Windows 10.0 , 64 bit Build 18362 (10.0.18362.778)

CPU:total 12 (initial active 12) (6 cores per cpu, 2 threads per core) family 6 model 158 stepping 10, cmov, cx8, fxsr, mmx, sse, sse2, sse3, ssse3, sse4.1, sse4.2, popcnt, avx, avx2, aes, clmul, erms, 3dnowpref, lzcnt, ht, tsc, tscinvbit, bmi1, bmi2, adx

Memory: 4k page, physical 16617620k(1403600k free), swap 29752976k(4168k free)

vm_info: Java HotSpot(TM) 64-Bit Server VM (25.221-b11) for windows-amd64 JRE (1.8.0_221-b11), built on Jul  4 2019 04:39:29 by "java_re" with MS VC++ 10.0 (VS2010)

time: Sat May 09 10:46:15 2020
timezone: 中国标准时间
elapsed time: 20 seconds (0d 0h 0m 20s)

